#
# A fatal error has been detected by the Java Runtime Environment:
#
#  SIGSEGV (0xb) at pc=0x00007fff92dcb097, pid=2293, tid=1287
#
# JRE version: Java(TM) SE Runtime Environment (7.0_51-b13) (build 1.7.0_51-b13)
# Java VM: Java HotSpot(TM) 64-Bit Server VM (24.51-b03 mixed mode bsd-amd64 compressed oops)
# Problematic frame:
# C  [libobjc.A.dylib+0x5097]  objc_msgSend+0x17
#
# Failed to write core dump. Core dumps have been disabled. To enable core dumping, try "ulimit -c unlimited" before starting Java again
#
# If you would like to submit a bug report, please visit:
#   http://bugreport.sun.com/bugreport/crash.jsp
# The crash happened outside the Java Virtual Machine in native code.
# See problematic frame for where to report the bug.
#

---------------  T H R E A D  ---------------

Current thread (0x00007fad4a07b800):  JavaThread "AppKit Thread" daemon [_thread_in_native, id=1287, stack(0x00007fff55b14000,0x00007fff55b94000)]

siginfo:si_signo=SIGSEGV: si_errno=0, si_code=0 (SEGV0), si_addr=0x0000000000000000

Registers:
RAX=0x00007fad48d33730, RBX=0x00000000000f42f0, RCX=0x0000000000000000, RDX=0x00007fad48fa5fe0
RSP=0x00007fff55b8f548, RBP=0x00007fff55b8f550, RSI=0x00007fff8d519b9f, RDI=0x00007fad48d33730
R8 =0x0000000000000040, R9 =0x00007fff55b8f500, R10=0x00007fff8d519b9f, R11=0x500007fad48d3410
R12=0x00000000000f42f0, R13=0x00007fff55b8f718, R14=0x00007fad48e5aee0, R15=0x00007fff55b8f678
RIP=0x00007fff92dcb097, EFLAGS=0x0000000000010246, ERR=0x0000000000000000
  TRAPNO=0x000000000000000d

Top of Stack: (sp=0x00007fff55b8f548)
0x00007fff55b8f548:   00007fff92c8ee0c 00007fff55b8f8b0
0x00007fff55b8f558:   00007fff92b828dd 000000010a085000
0x00007fff55b8f568:   000000010a089e00 00007fad48fa5382
0x00007fff55b8f578:   0000000000001400 00000000000007c8
0x00007fff55b8f588:   00000000000f42f2 0000000000000002
0x00007fff55b8f598:   00007fad48e5aa50 00007fad48e5a400
0x00007fff55b8f5a8:   00007fad48e17b10 00007fad48fa5fe0
0x00007fff55b8f5b8:   00007fff55b8f670 0000000000000000
0x00007fff55b8f5c8:   00000000000f42f0 0000000000000053
0x00007fff55b8f5d8:   00007fff55b8f6f0 0000000000000000
0x00007fff55b8f5e8:   0000000000000001 00007fad48e17b00
0x00007fff55b8f5f8:   000000000000004f 00000000000146bc
0x00007fff55b8f608:   0000010000000000 00007fff763cfa60
0x00007fff55b8f618:   000020600064c6ea ff80000000001002
0x00007fff55b8f628:   0000000000000000 00007fff55b8f708
0x00007fff55b8f638:   00007fff55b8f6e8 00007fff763cfa48
0x00007fff55b8f648:   0000000000000000 000000000000000d
0x00007fff55b8f658:   00007fff8b64c6ea 00007fff77536d38
0x00007fff55b8f668:   0000000000000000 00007fad48e5aad0
0x00007fff55b8f678:   00007fad48e5aee0 00007fff8eb71b08
0x00007fff55b8f688:   0000000000000000 00007fff55b8f750
0x00007fff55b8f698:   00007fff88b2ddde 00007fff7787e0d0
0x00007fff55b8f6a8:   0000000042000000 00007fff88b361d1
0x00007fff55b8f6b8:   00007fff763abb40 00007fff55b8f7b8
0x00007fff55b8f6c8:   00007fff55b8f6e8 00007fff55b8f708
0x00007fff55b8f6d8:   0000000000000000 000000010a085001
0x00007fff55b8f6e8:   0000000000000000 000000000000004d
0x00007fff55b8f6f8:   0000000000000000 00000000000f42e5
0x00007fff55b8f708:   000000000000004f 0000000000000000
0x00007fff55b8f718:   00000000000f42f0 0000000155b8f7c0
0x00007fff55b8f728:   00007fff8b64d261 00007fff781ed748
0x00007fff55b8f738:   00007fff781ed74c 00000000781e91b8 

Instructions: (pc=0x00007fff92dcb097)
0x00007fff92dcb077:   90 90 90 90 90 90 90 90 90 48 85 ff 2e 74 72 40
0x00007fff92dcb087:   f6 c7 01 2e 0f 85 7e 00 00 00 4c 8b 1f 49 89 f2
0x00007fff92dcb097:   45 23 53 18 49 c1 e2 04 4d 03 53 10 49 3b 32 75
0x00007fff92dcb0a7:   04 41 ff 62 08 49 83 3a 00 74 74 4d 3b 53 10 74 

Register to memory mapping:

RAX=0x00007fad48d33730 is an unknown value
RBX=0x00000000000f42f0 is an unknown value
RCX=0x0000000000000000 is an unknown value
RDX=0x00007fad48fa5fe0 is an unknown value
RSP=0x00007fff55b8f548 is pointing into the stack for thread: 0x00007fad4a07b800
RBP=0x00007fff55b8f550 is pointing into the stack for thread: 0x00007fad4a07b800
RSI=0x00007fff8d519b9f: NSAppKitVersionNumber+0x5358f in /System/Library/Frameworks/AppKit.framework/Versions/C/AppKit at 0x00007fff8ca76000
RDI=0x00007fad48d33730 is an unknown value
R8 =0x0000000000000040 is an unknown value
R9 =0x00007fff55b8f500 is pointing into the stack for thread: 0x00007fad4a07b800
R10=0x00007fff8d519b9f: NSAppKitVersionNumber+0x5358f in /System/Library/Frameworks/AppKit.framework/Versions/C/AppKit at 0x00007fff8ca76000
R11=0x500007fad48d3410 is an unknown value
R12=0x00000000000f42f0 is an unknown value
R13=0x00007fff55b8f718 is pointing into the stack for thread: 0x00007fad4a07b800
R14=0x00007fad48e5aee0 is an unknown value
R15=0x00007fff55b8f678 is pointing into the stack for thread: 0x00007fad4a07b800


Stack: [0x00007fff55b14000,0x00007fff55b94000],  sp=0x00007fff55b8f548,  free space=493k
Native frames: (J=compiled Java code, j=interpreted, Vv=VM code, C=native code)
C  [libobjc.A.dylib+0x5097]  objc_msgSend+0x17
C  [CoreFoundation+0x108dd]  _CFXNotificationPost+0xb4d
C  [Foundation+0x27ba]  -[NSNotificationCenter postNotificationName:object:userInfo:]+0x44
C  [AppKit+0x10f719]  -[NSSurface _disposeSurface]+0x98
C  [AppKit+0x10f1b5]  -[NSSurface setWindow:]+0x46
C  [AppKit+0x3b0b7]  -[NSView _setWindow:]+0x8ea
C  [AppKit+0x3c10a]  -[NSView removeFromSuperview]+0x15e
C  [AppKit+0x98889]  -[NSView removeFromSuperviewWithoutNeedingDisplay]+0x26
C  [liblwjgl.dylib+0x9c3e]  +[MacOSXKeyableWindow destroyWindow]+0xde
C  [Foundation+0x6313e]  __NSThreadPerformPerform+0xe5
C  [CoreFoundation+0x7f661]  __CFRUNLOOP_IS_CALLING_OUT_TO_A_SOURCE0_PERFORM_FUNCTION__+0x11
C  [CoreFoundation+0x70d12]  __CFRunLoopDoSources0+0xf2
C  [CoreFoundation+0x7049f]  __CFRunLoopRun+0x33f
C  [CoreFoundation+0x6ff25]  CFRunLoopRunSpecific+0x135
C  [HIToolbox+0x2ea0d]  RunCurrentEventLoopInMode+0xe2
C  [HIToolbox+0x2e7b7]  ReceiveNextEventCommon+0x1df
C  [HIToolbox+0x2e5bc]  _BlockUntilNextEventMatchingListInModeWithFilter+0x41
C  [AppKit+0x243de]  _DPSNextEvent+0x59a
C  [AppKit+0x23a2b]  -[NSApplication nextEventMatchingMask:untilDate:inMode:dequeue:]+0x7a
C  [libosxapp.dylib+0x16f4]  -[NSApplicationAWT nextEventMatchingMask:untilDate:inMode:dequeue:]+0x7c
C  [AppKit+0x17b2c]  -[NSApplication run]+0x229
C  [libosxapp.dylib+0x1557]  +[NSApplicationAWT runAWTLoopWithApp:]+0x9c
C  [liblwawt.dylib+0xdba9]  -[AWTStarter starter:]+0x369
C  [Foundation+0x6313e]  __NSThreadPerformPerform+0xe5
C  [CoreFoundation+0x7f661]  __CFRUNLOOP_IS_CALLING_OUT_TO_A_SOURCE0_PERFORM_FUNCTION__+0x11
C  [CoreFoundation+0x70d12]  __CFRunLoopDoSources0+0xf2
C  [CoreFoundation+0x7049f]  __CFRunLoopRun+0x33f
C  [CoreFoundation+0x6ff25]  CFRunLoopRunSpecific+0x135
C  [java+0x73b0]  CreateExecutionEnvironment+0x367
C  [java+0x1b5c]  JLI_Launch+0x7a0
C  [java+0x770d]  main+0x65
C  [java+0x13b4]  start+0x34


---------------  P R O C E S S  ---------------

Java Threads: ( => current thread )
  0x00007fad498b9800 JavaThread "AWT-Shutdown" [_thread_blocked, id=15371, stack(0x0000000118d12000,0x0000000118e12000)]
  0x00007fad4a8e9800 JavaThread "DestroyJavaVM" [_thread_blocked, id=6403, stack(0x000000010b454000,0x000000010b554000)]
  0x00007fad4a8bd800 JavaThread "LWJGL Application" [_thread_in_native, id=62467, stack(0x000000011785b000,0x000000011795b000)]
=>0x00007fad4a07b800 JavaThread "AppKit Thread" daemon [_thread_in_native, id=1287, stack(0x00007fff55b14000,0x00007fff55b94000)]
  0x00007fad49813000 JavaThread "Service Thread" daemon [_thread_blocked, id=19203, stack(0x0000000112c83000,0x0000000112d83000)]
  0x00007fad49812000 JavaThread "C2 CompilerThread1" daemon [_thread_blocked, id=18691, stack(0x0000000112b80000,0x0000000112c80000)]
  0x00007fad49810800 JavaThread "C2 CompilerThread0" daemon [_thread_blocked, id=18179, stack(0x0000000112a7d000,0x0000000112b7d000)]
  0x00007fad49801000 JavaThread "Signal Dispatcher" daemon [_thread_blocked, id=17667, stack(0x000000011297a000,0x0000000112a7a000)]
  0x00007fad4a026800 JavaThread "Finalizer" daemon [_thread_blocked, id=12547, stack(0x000000011272e000,0x000000011282e000)]
  0x00007fad4901e000 JavaThread "Reference Handler" daemon [_thread_blocked, id=12035, stack(0x000000011262b000,0x000000011272b000)]

Other Threads:
  0x00007fad4901d800 VMThread [stack: 0x0000000112528000,0x0000000112628000] [id=11523]
  0x00007fad4980e000 WatcherThread [stack: 0x0000000112d86000,0x0000000112e86000] [id=19715]

VM state:not at safepoint (normal execution)

VM Mutex/Monitor currently owned by a thread: None

Heap
 PSYoungGen      total 19456K, used 13183K [0x00000007eaa80000, 0x00000007ec000000, 0x0000000800000000)
  eden space 16896K, 78% used [0x00000007eaa80000,0x00000007eb75fdd8,0x00000007ebb00000)
  from space 2560K, 0% used [0x00000007ebd80000,0x00000007ebd80000,0x00000007ec000000)
  to   space 2560K, 0% used [0x00000007ebb00000,0x00000007ebb00000,0x00000007ebd80000)
 ParOldGen       total 43520K, used 0K [0x00000007c0000000, 0x00000007c2a80000, 0x00000007eaa80000)
  object space 43520K, 0% used [0x00000007c0000000,0x00000007c0000000,0x00000007c2a80000)
 PSPermGen       total 21504K, used 7212K [0x00000007bae00000, 0x00000007bc300000, 0x00000007c0000000)
  object space 21504K, 33% used [0x00000007bae00000,0x00000007bb50b3d0,0x00000007bc300000)

Card table byte_map: [0x000000010e616000,0x000000010e840000] byte_map_base: 0x000000010a83f000

Polling page: 0x000000010a1bd000

Code Cache  [0x000000010b556000, 0x000000010b7c6000, 0x000000010e556000)
 total_blobs=476 nmethods=87 adapters=344 free_code_cache=48521Kb largest_free_block=49656448

Compilation events (10 events):
Event: 10.511 Thread 0x00007fad49812000   82             com.badlogic.gdx.graphics.VertexAttributes::get (7 bytes)
Event: 10.512 Thread 0x00007fad49812000 nmethod 82 0x000000010b5eaf90 code [0x000000010b5eb0e0, 0x000000010b5eb198]
Event: 10.944 Thread 0x00007fad49810800   83             com.badlogic.gdx.utils.LongMap$Values::hasNext (22 bytes)
Event: 10.945 Thread 0x00007fad49810800 nmethod 83 0x000000010b5f1dd0 code [0x000000010b5f1f00, 0x000000010b5f1f78]
Event: 11.178 Thread 0x00007fad49812000   84             com.badlogic.gdx.physics.box2d.Box2DDebugRenderer::renderBodies (194 bytes)
Event: 11.264 Thread 0x00007fad49812000 nmethod 84 0x000000010b5f5250 code [0x000000010b5f5800, 0x000000010b5f8170]
Event: 11.711 Thread 0x00007fad49810800   85             com.badlogic.gdx.graphics.Color::clamp (126 bytes)
Event: 11.713 Thread 0x00007fad49810800 nmethod 85 0x000000010b5de390 code [0x000000010b5de500, 0x000000010b5de5f8]
Event: 12.111 Thread 0x00007fad49812000   87             com.badlogic.gdx.utils.Array::add (48 bytes)
Event: 12.113 Thread 0x00007fad49812000 nmethod 87 0x000000010b5de9d0 code [0x000000010b5deb60, 0x000000010b5dece8]

GC Heap History (0 events):
No events

Deoptimization events (0 events):
No events

Internal exceptions (10 events):
Event: 0.884 Thread 0x00007fad4a8bd800 Threw 0x00000007eb66a5e0 at /HUDSON/workspace/7u-2-build-macosx-x86_64/jdk7u51/527/hotspot/src/share/vm/prims/jvm.cpp:1244
Event: 0.884 Thread 0x00007fad4a8bd800 Threw 0x00000007eb672738 at /HUDSON/workspace/7u-2-build-macosx-x86_64/jdk7u51/527/hotspot/src/share/vm/prims/jvm.cpp:1244
Event: 0.885 Thread 0x00007fad4a8bd800 Threw 0x00000007eb67e7b0 at /HUDSON/workspace/7u-2-build-macosx-x86_64/jdk7u51/527/hotspot/src/share/vm/prims/jvm.cpp:1244
Event: 0.886 Thread 0x00007fad4a8bd800 Threw 0x00000007eb6856a8 at /HUDSON/workspace/7u-2-build-macosx-x86_64/jdk7u51/527/hotspot/src/share/vm/prims/jvm.cpp:1244
Event: 0.886 Thread 0x00007fad4a8bd800 Threw 0x00000007eb68a000 at /HUDSON/workspace/7u-2-build-macosx-x86_64/jdk7u51/527/hotspot/src/share/vm/prims/jvm.cpp:1244
Event: 0.887 Thread 0x00007fad4a8bd800 Threw 0x00000007eb6a0128 at /HUDSON/workspace/7u-2-build-macosx-x86_64/jdk7u51/527/hotspot/src/share/vm/prims/jvm.cpp:1244
Event: 0.895 Thread 0x00007fad4a8bd800 Threw 0x00000007eb6a7e20 at /HUDSON/workspace/7u-2-build-macosx-x86_64/jdk7u51/527/hotspot/src/share/vm/prims/jvm.cpp:1244
Event: 0.896 Thread 0x00007fad4a8bd800 Threw 0x00000007eb6ad018 at /HUDSON/workspace/7u-2-build-macosx-x86_64/jdk7u51/527/hotspot/src/share/vm/prims/jvm.cpp:1244
Event: 12.894 Thread 0x00007fad4a8bd800 Threw 0x00000007eb6e5780 at /HUDSON/workspace/7u-2-build-macosx-x86_64/jdk7u51/527/hotspot/src/share/vm/prims/jvm.cpp:1244
Event: 12.901 Thread 0x00007fad4a8bd800 Threw 0x00000007eb6ea580 at /HUDSON/workspace/7u-2-build-macosx-x86_64/jdk7u51/527/hotspot/src/share/vm/prims/jvm.cpp:1244

Events (10 events):
Event: 4.104 Executing VM operation: EnableBiasedLocking done
Event: 4.644 Thread 0x00007fad491ac800 Thread added: 0x00007fad491ac800
Event: 6.630 Executing VM operation: RevokeBias
Event: 6.630 Executing VM operation: RevokeBias done
Event: 6.630 Thread 0x00007fad491ac800 Thread exited: 0x00007fad491ac800
Event: 11.981 Thread 0x00007fad498b9800 Thread added: 0x00007fad498b9800
Event: 12.894 loading class 0x00007fad48c181f0
Event: 12.894 loading class 0x00007fad48c181f0 done
Event: 12.901 loading class 0x00007fad48f656a0
Event: 12.901 loading class 0x00007fad48f656a0 done


Dynamic libraries:
0x0000000005d2b000 	/System/Library/Frameworks/Cocoa.framework/Versions/A/Cocoa
0x0000000005d2b000 	/System/Library/Frameworks/Security.framework/Versions/A/Security
0x0000000005d2b000 	/System/Library/Frameworks/ApplicationServices.framework/Versions/A/ApplicationServices
0x0000000005d2b000 	/usr/lib/libz.1.dylib
0x0000000005d2b000 	/usr/lib/libSystem.B.dylib
0x0000000005d2b000 	/usr/lib/libobjc.A.dylib
0x0000000005d2b000 	/System/Library/Frameworks/CoreFoundation.framework/Versions/A/CoreFoundation
0x0000000005d2b000 	/System/Library/Frameworks/Foundation.framework/Versions/C/Foundation
0x0000000005d2b000 	/System/Library/Frameworks/AppKit.framework/Versions/C/AppKit
0x0000000005d2b000 	/System/Library/Frameworks/CoreData.framework/Versions/A/CoreData
0x0000000005d2b000 	/System/Library/PrivateFrameworks/RemoteViewServices.framework/Versions/A/RemoteViewServices
0x0000000005d2b000 	/System/Library/Frameworks/AudioToolbox.framework/Versions/A/AudioToolbox
0x0000000005d2b000 	/System/Library/Frameworks/AudioUnit.framework/Versions/A/AudioUnit
0x0000000005d2b000 	/System/Library/PrivateFrameworks/DataDetectorsCore.framework/Versions/A/DataDetectorsCore
0x0000000005d2b000 	/System/Library/PrivateFrameworks/DesktopServicesPriv.framework/Versions/A/DesktopServicesPriv
0x0000000005d2b000 	/System/Library/Frameworks/Carbon.framework/Versions/A/Frameworks/HIToolbox.framework/Versions/A/HIToolbox
0x0000000005d2b000 	/System/Library/Frameworks/QuartzCore.framework/Versions/A/QuartzCore
0x0000000005d2b000 	/System/Library/Frameworks/Carbon.framework/Versions/A/Frameworks/SpeechRecognition.framework/Versions/A/SpeechRecognition
0x0000000005d2b000 	/usr/lib/libauto.dylib
0x0000000005d2b000 	/usr/lib/libicucore.A.dylib
0x0000000005d2b000 	/usr/lib/libxml2.2.dylib
0x0000000005d2b000 	/System/Library/PrivateFrameworks/CoreUI.framework/Versions/A/CoreUI
0x0000000005d2b000 	/System/Library/Frameworks/CoreAudio.framework/Versions/A/CoreAudio
0x0000000005d2b000 	/System/Library/Frameworks/DiskArbitration.framework/Versions/A/DiskArbitration
0x0000000005d2b000 	/usr/lib/liblangid.dylib
0x0000000005d2b000 	/System/Library/PrivateFrameworks/MultitouchSupport.framework/Versions/A/MultitouchSupport
0x0000000005d2b000 	/System/Library/Frameworks/IOKit.framework/Versions/A/IOKit
0x0000000005d2b000 	/usr/lib/libDiagnosticMessagesClient.dylib
0x0000000005d2b000 	/System/Library/Frameworks/CoreServices.framework/Versions/A/CoreServices
0x0000000005d2b000 	/System/Library/PrivateFrameworks/PerformanceAnalysis.framework/Versions/A/PerformanceAnalysis
0x0000000005d2b000 	/System/Library/PrivateFrameworks/GenerationalStorage.framework/Versions/A/GenerationalStorage
0x0000000005d2b000 	/System/Library/Frameworks/OpenGL.framework/Versions/A/OpenGL
0x0000000005d2b000 	/System/Library/PrivateFrameworks/Sharing.framework/Versions/A/Sharing
0x0000000005d2b000 	/System/Library/Frameworks/ImageIO.framework/Versions/A/ImageIO
0x0000000005d2b000 	/System/Library/Frameworks/CoreText.framework/Versions/A/CoreText
0x0000000005d2b000 	/System/Library/Frameworks/CoreGraphics.framework/Versions/A/CoreGraphics
0x0000000005d2b000 	/System/Library/PrivateFrameworks/Backup.framework/Versions/A/Backup
0x0000000005d2b000 	/System/Library/Frameworks/CFNetwork.framework/Versions/A/CFNetwork
0x0000000005d2b000 	/System/Library/Frameworks/SystemConfiguration.framework/Versions/A/SystemConfiguration
0x0000000005d2b000 	/usr/lib/libCRFSuite.dylib
0x0000000005d2b000 	/usr/lib/libc++.1.dylib
0x0000000005d2b000 	/usr/lib/libc++abi.dylib
0x0000000005d2b000 	/usr/lib/system/libcache.dylib
0x0000000005d2b000 	/usr/lib/system/libcommonCrypto.dylib
0x0000000005d2b000 	/usr/lib/system/libcompiler_rt.dylib
0x0000000005d2b000 	/usr/lib/system/libcopyfile.dylib
0x0000000005d2b000 	/usr/lib/system/libcorecrypto.dylib
0x0000000005d2b000 	/usr/lib/system/libdispatch.dylib
0x0000000005d2b000 	/usr/lib/system/libdyld.dylib
0x0000000005d2b000 	/usr/lib/system/libkeymgr.dylib
0x0000000005d2b000 	/usr/lib/system/liblaunch.dylib
0x0000000005d2b000 	/usr/lib/system/libmacho.dylib
0x0000000005d2b000 	/usr/lib/system/libquarantine.dylib
0x0000000005d2b000 	/usr/lib/system/libremovefile.dylib
0x0000000005d2b000 	/usr/lib/system/libsystem_asl.dylib
0x0000000005d2b000 	/usr/lib/system/libsystem_blocks.dylib
0x0000000005d2b000 	/usr/lib/system/libsystem_c.dylib
0x0000000005d2b000 	/usr/lib/system/libsystem_configuration.dylib
0x0000000005d2b000 	/usr/lib/system/libsystem_dnssd.dylib
0x0000000005d2b000 	/usr/lib/system/libsystem_info.dylib
0x0000000005d2b000 	/usr/lib/system/libsystem_kernel.dylib
0x0000000005d2b000 	/usr/lib/system/libsystem_m.dylib
0x0000000005d2b000 	/usr/lib/system/libsystem_malloc.dylib
0x0000000005d2b000 	/usr/lib/system/libsystem_network.dylib
0x0000000005d2b000 	/usr/lib/system/libsystem_notify.dylib
0x0000000005d2b000 	/usr/lib/system/libsystem_platform.dylib
0x0000000005d2b000 	/usr/lib/system/libsystem_pthread.dylib
0x0000000005d2b000 	/usr/lib/system/libsystem_sandbox.dylib
0x0000000005d2b000 	/usr/lib/system/libsystem_stats.dylib
0x0000000005d2b000 	/usr/lib/system/libunc.dylib
0x0000000005d2b000 	/usr/lib/system/libunwind.dylib
0x0000000005d2b000 	/usr/lib/system/libxpc.dylib
0x0000000005d2b000 	/usr/lib/libbsm.0.dylib
0x0000000005d2b000 	/usr/lib/libsqlite3.dylib
0x0000000005d2b000 	/usr/lib/libxar.1.dylib
0x0000000005d2b000 	/usr/lib/libpam.2.dylib
0x0000000005d2b000 	/usr/lib/libOpenScriptingUtil.dylib
0x0000000005d2b000 	/usr/lib/libbz2.1.0.dylib
0x0000000005d2b000 	/System/Library/Frameworks/CoreServices.framework/Versions/A/Frameworks/CarbonCore.framework/Versions/A/CarbonCore
0x0000000005d2b000 	/System/Library/Frameworks/CoreServices.framework/Versions/A/Frameworks/Metadata.framework/Versions/A/Metadata
0x0000000005d2b000 	/System/Library/Frameworks/CoreServices.framework/Versions/A/Frameworks/OSServices.framework/Versions/A/OSServices
0x0000000005d2b000 	/System/Library/Frameworks/CoreServices.framework/Versions/A/Frameworks/SearchKit.framework/Versions/A/SearchKit
0x0000000005d2b000 	/System/Library/Frameworks/CoreServices.framework/Versions/A/Frameworks/AE.framework/Versions/A/AE
0x0000000005d2b000 	/System/Library/Frameworks/CoreServices.framework/Versions/A/Frameworks/LaunchServices.framework/Versions/A/LaunchServices
0x0000000005d2b000 	/System/Library/Frameworks/CoreServices.framework/Versions/A/Frameworks/DictionaryServices.framework/Versions/A/DictionaryServices
0x0000000005d2b000 	/System/Library/Frameworks/NetFS.framework/Versions/A/NetFS
0x0000000005d2b000 	/usr/lib/system/libkxld.dylib
0x0000000005d2b000 	/System/Library/PrivateFrameworks/NetAuth.framework/Versions/A/NetAuth
0x0000000005d2b000 	/System/Library/PrivateFrameworks/TCC.framework/Versions/A/TCC
0x0000000005d2b000 	/System/Library/Frameworks/OpenDirectory.framework/Versions/A/Frameworks/CFOpenDirectory.framework/Versions/A/CFOpenDirectory
0x0000000005d2b000 	/System/Library/Frameworks/ServiceManagement.framework/Versions/A/ServiceManagement
0x0000000005d2b000 	/usr/lib/libxslt.1.dylib
0x0000000005d2b000 	/System/Library/Frameworks/Carbon.framework/Versions/A/Frameworks/Ink.framework/Versions/A/Ink
0x0000000005d2b000 	/System/Library/Frameworks/ApplicationServices.framework/Versions/A/Frameworks/ATS.framework/Versions/A/ATS
0x0000000005d2b000 	/System/Library/Frameworks/ApplicationServices.framework/Versions/A/Frameworks/ColorSync.framework/Versions/A/ColorSync
0x0000000005d2b000 	/System/Library/Frameworks/ApplicationServices.framework/Versions/A/Frameworks/HIServices.framework/Versions/A/HIServices
0x0000000005d2b000 	/System/Library/Frameworks/ApplicationServices.framework/Versions/A/Frameworks/LangAnalysis.framework/Versions/A/LangAnalysis
0x0000000005d2b000 	/System/Library/Frameworks/ApplicationServices.framework/Versions/A/Frameworks/PrintCore.framework/Versions/A/PrintCore
0x0000000005d2b000 	/System/Library/Frameworks/ApplicationServices.framework/Versions/A/Frameworks/QD.framework/Versions/A/QD
0x0000000005d2b000 	/System/Library/Frameworks/ApplicationServices.framework/Versions/A/Frameworks/SpeechSynthesis.framework/Versions/A/SpeechSynthesis
0x0000000005d2b000 	/System/Library/Frameworks/IOSurface.framework/Versions/A/IOSurface
0x0000000005d2b000 	/System/Library/Frameworks/Accelerate.framework/Versions/A/Accelerate
0x0000000005d2b000 	/System/Library/Frameworks/Accelerate.framework/Versions/A/Frameworks/vImage.framework/Versions/A/vImage
0x0000000005d2b000 	/System/Library/Frameworks/Accelerate.framework/Versions/A/Frameworks/vecLib.framework/Versions/A/vecLib
0x0000000005d2b000 	/System/Library/Frameworks/Accelerate.framework/Versions/A/Frameworks/vecLib.framework/Versions/A/libvDSP.dylib
0x0000000005d2b000 	/System/Library/Frameworks/Accelerate.framework/Versions/A/Frameworks/vecLib.framework/Versions/A/libvMisc.dylib
0x0000000005d2b000 	/System/Library/Frameworks/Accelerate.framework/Versions/A/Frameworks/vecLib.framework/Versions/A/libLAPACK.dylib
0x0000000005d2b000 	/System/Library/Frameworks/Accelerate.framework/Versions/A/Frameworks/vecLib.framework/Versions/A/libBLAS.dylib
0x0000000005d2b000 	/System/Library/Frameworks/ApplicationServices.framework/Versions/A/Frameworks/ATS.framework/Versions/A/Resources/libFontParser.dylib
0x0000000005d2b000 	/System/Library/Frameworks/ApplicationServices.framework/Versions/A/Frameworks/ATS.framework/Versions/A/Resources/libFontRegistry.dylib
0x0000000005d2b000 	/System/Library/Frameworks/ImageIO.framework/Versions/A/Resources/libJPEG.dylib
0x0000000005d2b000 	/System/Library/Frameworks/ImageIO.framework/Versions/A/Resources/libTIFF.dylib
0x0000000005d2b000 	/System/Library/Frameworks/ImageIO.framework/Versions/A/Resources/libPng.dylib
0x0000000005d2b000 	/System/Library/Frameworks/ImageIO.framework/Versions/A/Resources/libGIF.dylib
0x0000000005d2b000 	/System/Library/Frameworks/ImageIO.framework/Versions/A/Resources/libJP2.dylib
0x0000000005d2b000 	/System/Library/Frameworks/ImageIO.framework/Versions/A/Resources/libRadiance.dylib
0x0000000005d2b000 	/usr/lib/libcups.2.dylib
0x0000000005d2b000 	/System/Library/Frameworks/Kerberos.framework/Versions/A/Kerberos
0x0000000005d2b000 	/System/Library/Frameworks/GSS.framework/Versions/A/GSS
0x0000000005d2b000 	/usr/lib/libresolv.9.dylib
0x0000000005d2b000 	/usr/lib/libiconv.2.dylib
0x0000000005d2b000 	/System/Library/PrivateFrameworks/Heimdal.framework/Versions/A/Heimdal
0x0000000005d2b000 	/System/Library/PrivateFrameworks/TrustEvaluationAgent.framework/Versions/A/TrustEvaluationAgent
0x0000000005d2b000 	/usr/lib/libheimdal-asn1.dylib
0x0000000005d2b000 	/System/Library/Frameworks/OpenDirectory.framework/Versions/A/OpenDirectory
0x0000000005d2b000 	/System/Library/PrivateFrameworks/CommonAuth.framework/Versions/A/CommonAuth
0x0000000005d2b000 	/System/Library/Frameworks/SecurityFoundation.framework/Versions/A/SecurityFoundation
0x0000000005d2b000 	/System/Library/PrivateFrameworks/Bom.framework/Versions/A/Bom
0x0000000005d2b000 	/System/Library/Frameworks/CoreVideo.framework/Versions/A/CoreVideo
0x0000000005d2b000 	/System/Library/Frameworks/QuartzCore.framework/Versions/A/Frameworks/CoreImage.framework/Versions/A/CoreImage
0x0000000005d2b000 	/System/Library/Frameworks/QuartzCore.framework/Versions/A/Frameworks/ScalableUserInterface.framework/Versions/A/ScalableUserInterface
0x0000000005d2b000 	/System/Library/Frameworks/OpenGL.framework/Versions/A/Libraries/libGLU.dylib
0x0000000005d2b000 	/System/Library/Frameworks/OpenGL.framework/Versions/A/Libraries/libGFXShared.dylib
0x0000000005d2b000 	/System/Library/Frameworks/OpenGL.framework/Versions/A/Libraries/libGL.dylib
0x0000000005d2b000 	/System/Library/Frameworks/OpenGL.framework/Versions/A/Libraries/libGLImage.dylib
0x0000000005d2b000 	/System/Library/Frameworks/OpenGL.framework/Versions/A/Libraries/libCVMSPluginSupport.dylib
0x0000000005d2b000 	/System/Library/Frameworks/OpenGL.framework/Versions/A/Libraries/libCoreVMClient.dylib
0x0000000005d2b000 	/System/Library/PrivateFrameworks/FaceCore.framework/Versions/A/FaceCore
0x0000000005d2b000 	/System/Library/PrivateFrameworks/CrashReporterSupport.framework/Versions/A/CrashReporterSupport
0x0000000005d2b000 	/System/Library/Frameworks/OpenCL.framework/Versions/A/OpenCL
0x0000000005d2b000 	/System/Library/PrivateFrameworks/AppleFSCompression.framework/Versions/A/AppleFSCompression
0x0000000005d2b000 	/System/Library/PrivateFrameworks/Ubiquity.framework/Versions/A/Ubiquity
0x0000000005d2b000 	/System/Library/PrivateFrameworks/IconServices.framework/Versions/A/IconServices
0x0000000005d2b000 	/System/Library/PrivateFrameworks/ChunkingLibrary.framework/Versions/A/ChunkingLibrary
0x0000000005d2b000 	/System/Library/PrivateFrameworks/CoreSymbolication.framework/Versions/A/CoreSymbolication
0x0000000005d2b000 	/System/Library/PrivateFrameworks/Symbolication.framework/Versions/A/Symbolication
0x0000000005d2b000 	/System/Library/PrivateFrameworks/DebugSymbols.framework/Versions/A/DebugSymbols
0x000000010aa00000 	/Library/Java/JavaVirtualMachines/jdk1.7.0_51.jdk/Contents/Home/jre/lib/server/libjvm.dylib
0x0000000005d2b000 	/usr/lib/libstdc++.6.dylib
0x000000010a180000 	/Library/Java/JavaVirtualMachines/jdk1.7.0_51.jdk/Contents/Home/jre/lib/libverify.dylib
0x000000010a18d000 	/Library/Java/JavaVirtualMachines/jdk1.7.0_51.jdk/Contents/Home/jre/lib/libjava.dylib
0x000000010a1c7000 	/Library/Java/JavaVirtualMachines/jdk1.7.0_51.jdk/Contents/Home/jre/lib/libzip.dylib
0x0000000112830000 	/System/Library/Frameworks/JavaVM.framework/Frameworks/JavaRuntimeSupport.framework/JavaRuntimeSupport
0x0000000112848000 	/System/Library/Frameworks/JavaVM.framework/Versions/A/Frameworks/JavaNativeFoundation.framework/Versions/A/JavaNativeFoundation
0x000000011285c000 	/System/Library/Frameworks/JavaVM.framework/Versions/A/JavaVM
0x0000000005d2b000 	/System/Library/Frameworks/Carbon.framework/Versions/A/Carbon
0x0000000112868000 	/System/Library/PrivateFrameworks/JavaLaunching.framework/Versions/A/JavaLaunching
0x0000000005d2b000 	/System/Library/Frameworks/Carbon.framework/Versions/A/Frameworks/CommonPanels.framework/Versions/A/CommonPanels
0x0000000005d2b000 	/System/Library/Frameworks/Carbon.framework/Versions/A/Frameworks/Help.framework/Versions/A/Help
0x0000000005d2b000 	/System/Library/Frameworks/Carbon.framework/Versions/A/Frameworks/ImageCapture.framework/Versions/A/ImageCapture
0x0000000005d2b000 	/System/Library/Frameworks/Carbon.framework/Versions/A/Frameworks/OpenScripting.framework/Versions/A/OpenScripting
0x0000000005d2b000 	/System/Library/Frameworks/Carbon.framework/Versions/A/Frameworks/Print.framework/Versions/A/Print
0x0000000005d2b000 	/System/Library/Frameworks/Carbon.framework/Versions/A/Frameworks/SecurityHI.framework/Versions/A/SecurityHI
0x0000000112ebe000 	/private/var/folders/lw/8zlpb8ds5lv2_68pc9fmf5ch0000gn/T/libgdxYayo/78cdae83/libgdx64.dylib
0x0000000112f2c000 	/Library/Java/JavaVirtualMachines/jdk1.7.0_51.jdk/Contents/Home/jre/lib/libawt.dylib
0x0000000112fdb000 	/Library/Java/JavaVirtualMachines/jdk1.7.0_51.jdk/Contents/Home/jre/lib/./libmlib_image.dylib
0x00000001130a7000 	/Library/Java/JavaVirtualMachines/jdk1.7.0_51.jdk/Contents/Home/jre/lib/lwawt/liblwawt.dylib
0x000000011315b000 	/Library/Java/JavaVirtualMachines/jdk1.7.0_51.jdk/Contents/Home/jre/lib/libosxapp.dylib
0x0000000005d2b000 	/System/Library/Frameworks/ExceptionHandling.framework/Versions/A/ExceptionHandling
0x0000000005d2b000 	/System/Library/PrivateFrameworks/CoreServicesInternal.framework/Versions/A/CoreServicesInternal
0x0000000005d2b000 	/System/Library/PrivateFrameworks/Librarian.framework/Versions/A/Librarian
0x0000000114a26000 	/System/Library/Frameworks/CoreGraphics.framework/Versions/A/Resources/libCGCMS.A.dylib
0x0000000114b38000 	/System/Library/Frameworks/CoreGraphics.framework/Versions/A/Resources/libRIP.A.dylib
0x0000000114b88000 	/System/Library/Frameworks/CoreGraphics.framework/Versions/A/Resources/libCGXType.A.dylib
0x0000000005d2b000 	/System/Library/PrivateFrameworks/FamilyControls.framework/Versions/A/FamilyControls
0x0000000005d2b000 	/System/Library/PrivateFrameworks/CommerceKit.framework/Versions/A/Frameworks/CommerceCore.framework/Versions/A/CommerceCore
0x0000000005d2b000 	/System/Library/PrivateFrameworks/SystemAdministration.framework/Versions/A/SystemAdministration
0x0000000005d2b000 	/System/Library/Frameworks/DirectoryService.framework/Versions/A/DirectoryService
0x0000000005d2b000 	/System/Library/PrivateFrameworks/DiskImages.framework/Versions/A/DiskImages
0x0000000005d2b000 	/System/Library/PrivateFrameworks/LoginUIKit.framework/Versions/A/Frameworks/LoginUICore.framework/Versions/A/LoginUICore
0x0000000005d2b000 	/usr/lib/libCoreStorage.dylib
0x0000000005d2b000 	/usr/lib/libcsfde.dylib
0x0000000005d2b000 	/usr/lib/libodfde.dylib
0x0000000005d2b000 	/System/Library/Frameworks/DiscRecording.framework/Versions/A/DiscRecording
0x0000000005d2b000 	/usr/lib/libcurl.4.dylib
0x0000000005d2b000 	/System/Library/PrivateFrameworks/MediaKit.framework/Versions/A/MediaKit
0x0000000005d2b000 	/System/Library/PrivateFrameworks/EFILogin.framework/Versions/A/EFILogin
0x0000000005d2b000 	/usr/lib/libutil.dylib
0x0000000005d2b000 	/System/Library/PrivateFrameworks/AOSNotification.framework/Versions/A/AOSNotification
0x0000000005d2b000 	/System/Library/Frameworks/LDAP.framework/Versions/A/LDAP
0x0000000005d2b000 	/usr/lib/libsasl2.2.dylib
0x0000000005d2b000 	/usr/lib/libcrypto.0.9.8.dylib
0x0000000005d2b000 	/usr/lib/libssl.0.9.8.dylib
0x0000000117385000 	/Library/Java/JavaVirtualMachines/jdk1.7.0_51.jdk/Contents/Home/jre/lib/libfontmanager.dylib
0x00000001173ec000 	/private/var/folders/lw/8zlpb8ds5lv2_68pc9fmf5ch0000gn/T/libgdxYayo/45614fc1/liblwjgl.dylib
0x0000000114ba3000 	/Library/Java/JavaVirtualMachines/jdk1.7.0_51.jdk/Contents/Home/jre/lib/libjawt.dylib
0x000000011746b000 	/var/folders/lw/8zlpb8ds5lv2_68pc9fmf5ch0000gn/T/libgdxYayo/45614fc1/openal.dylib
0x00000001174c7000 	/System/Library/Components/CoreAudio.component/Contents/MacOS/CoreAudio
0x0000000114bce000 	/System/Library/Extensions/AppleHDA.kext/Contents/PlugIns/AppleHDAHALPlugIn.bundle/Contents/MacOS/AppleHDAHALPlugIn
0x0000000005d2b000 	/System/Library/Frameworks/OpenGL.framework/Versions/A/Resources/GLEngine.bundle/GLEngine
0x0000000005d2b000 	/System/Library/Frameworks/OpenGL.framework/Versions/A/Libraries/libGLProgrammability.dylib
0x0000000000000000 	/System/Library/Extensions/AppleIntelHD5000GraphicsGLDriver.bundle/Contents/MacOS/AppleIntelHD5000GraphicsGLDriver
0x0000000005d2b000 	/System/Library/PrivateFrameworks/IOAccelerator.framework/Versions/A/IOAccelerator
0x0000000005d2b000 	/System/Library/PrivateFrameworks/GPUSupport.framework/Versions/A/Libraries/libGPUSupportMercury.dylib
0x0000000005d2b000 	/System/Library/Frameworks/OpenGL.framework/Versions/A/Resources/GLRendererFloat.bundle/GLRendererFloat
0x0000000005d2b000 	/System/Library/Frameworks/OpenCL.framework/Versions/A/Libraries/libcldcpuengine.dylib
0x0000000114bf6000 	cl_kernels
0x0000000118188000 	/System/Library/Frameworks/OpenCL.framework/Versions/A/Libraries/ImageFormats/unorm8_bgra.dylib
0x0000000114be7000 	cl_kernels

VM Arguments:
jvm_args: -Dfile.encoding=US-ASCII 
java_command: com.tiarsoft.flappybasico.Main
Launcher Type: SUN_STANDARD

Environment Variables:
PATH=/usr/bin:/bin:/usr/sbin:/sbin
SHELL=/bin/bash

Signal Handlers:
SIGSEGV: [libjvm.dylib+0x525425], sa_mask[0]=0xfffefeff, sa_flags=0x00000043
SIGBUS: [libjvm.dylib+0x525425], sa_mask[0]=0xfffefeff, sa_flags=0x00000042
SIGFPE: [libjvm.dylib+0x41892a], sa_mask[0]=0xfffefeff, sa_flags=0x00000042
SIGPIPE: [libjvm.dylib+0x41892a], sa_mask[0]=0xfffefeff, sa_flags=0x00000042
SIGXFSZ: [libjvm.dylib+0x41892a], sa_mask[0]=0xfffefeff, sa_flags=0x00000042
SIGILL: [libjvm.dylib+0x41892a], sa_mask[0]=0xfffefeff, sa_flags=0x00000042
SIGUSR1: SIG_DFL, sa_mask[0]=0x00000000, sa_flags=0x00000002
SIGUSR2: [libjvm.dylib+0x41841c], sa_mask[0]=0x00000004, sa_flags=0x00000042
SIGHUP: [libjvm.dylib+0x4166ab], sa_mask[0]=0xfffefeff, sa_flags=0x00000042
SIGINT: [libjvm.dylib+0x4166ab], sa_mask[0]=0xfffefeff, sa_flags=0x00000042
SIGTERM: [libjvm.dylib+0x4166ab], sa_mask[0]=0xfffefeff, sa_flags=0x00000042
SIGQUIT: [libjvm.dylib+0x4166ab], sa_mask[0]=0xfffefeff, sa_flags=0x00000042


---------------  S Y S T E M  ---------------

OS:Bsduname:Darwin 13.1.0 Darwin Kernel Version 13.1.0: Wed Apr  2 23:52:02 PDT 2014; root:xnu-2422.92.1~2/RELEASE_X86_64 x86_64
rlimit: STACK 8192k, CORE 0k, NPROC 709, NOFILE 10240, AS infinity
load average:2.57 2.55 2.32

CPU:total 4 (2 cores per cpu, 2 threads per core) family 6 model 69 stepping 1, cmov, cx8, fxsr, mmx, sse, sse2, sse3, ssse3, sse4.1, sse4.2, popcnt, avx, avx2, aes, erms, ht, tsc, tscinvbit

Memory: 4k page, physical 4194304k(1048576k free)

/proc/meminfo:


vm_info: Java HotSpot(TM) 64-Bit Server VM (24.51-b03) for bsd-amd64 JRE (1.7.0_51-b13), built on Dec 18 2013 18:45:56 by "java_re" with gcc 4.2.1 (Based on Apple Inc. build 5658) (LLVM build 2336.11.00)

time: Fri May  2 18:29:14 2014
elapsed time: 12 seconds

